<?xml version="1.0" encoding="UTF-8"?>
<testsuite xmlns:xsi="http://www.w3.org/2001/XMLSchema-instance" xsi:noNamespaceSchemaLocation="https://maven.apache.org/surefire/maven-surefire-plugin/xsd/surefire-test-report-3.0.xsd" version="3.0" name="AutomovilTest" time="1.541" tests="2" errors="0" skipped="0" failures="0">
  <properties>
[...]
</properties>
  <testcase name="editAutomovilTest" classname="AutomovilTest" time="0.217">
    <system-out><![CDATA[[EL Info]: 2025-02-10 12:31:18.53--ServerSession(2032326802)--EclipseLink, version: Eclipse Persistence Services - 2.7.10.v20211216-fe64cd39c3
[Automovil(id=401, brand=SEAT, model=ARONA, color=AZUL, plate=9876POI), Automovil(id=451, brand=SEAT, model=CORDOBA, color=AZUL, plate=9876POI), Automovil(id=501, brand=SEAT, model=CORDOBA, color=AZUL, plate=9876POI)]
]]></system-out>
  </testcase>
  <testcase name="createAutomovilTest" classname="AutomovilTest" time="0.031"/>
</testsuite>